d:\dae\jaar 01\sem_2\programming 2\end-exam\1dae16_cem_alagozlu_thesweetdarkness\1dae16_cem_alagozlu_thesweetdarkness\sweet_darkness\release\sweet_darkness.pch
d:\dae\jaar 01\sem_2\programming 2\end-exam\1dae16_cem_alagozlu_thesweetdarkness\1dae16_cem_alagozlu_thesweetdarkness\sweet_darkness\release\vc141.pdb
d:\dae\jaar 01\sem_2\programming 2\end-exam\1dae16_cem_alagozlu_thesweetdarkness\1dae16_cem_alagozlu_thesweetdarkness\sweet_darkness\release\stdafx.obj
d:\dae\jaar 01\sem_2\programming 2\end-exam\1dae16_cem_alagozlu_thesweetdarkness\1dae16_cem_alagozlu_thesweetdarkness\sweet_darkness\release\menuextra.obj
d:\dae\jaar 01\sem_2\programming 2\end-exam\1dae16_cem_alagozlu_thesweetdarkness\1dae16_cem_alagozlu_thesweetdarkness\sweet_darkness\release\matrix2x3.obj
d:\dae\jaar 01\sem_2\programming 2\end-exam\1dae16_cem_alagozlu_thesweetdarkness\1dae16_cem_alagozlu_thesweetdarkness\sweet_darkness\release\main.obj
d:\dae\jaar 01\sem_2\programming 2\end-exam\1dae16_cem_alagozlu_thesweetdarkness\1dae16_cem_alagozlu_thesweetdarkness\sweet_darkness\release\lever.obj
d:\dae\jaar 01\sem_2\programming 2\end-exam\1dae16_cem_alagozlu_thesweetdarkness\1dae16_cem_alagozlu_thesweetdarkness\sweet_darkness\release\leveltwo.obj
d:\dae\jaar 01\sem_2\programming 2\end-exam\1dae16_cem_alagozlu_thesweetdarkness\1dae16_cem_alagozlu_thesweetdarkness\sweet_darkness\release\levelthree.obj
d:\dae\jaar 01\sem_2\programming 2\end-exam\1dae16_cem_alagozlu_thesweetdarkness\1dae16_cem_alagozlu_thesweetdarkness\sweet_darkness\release\levelone.obj
d:\dae\jaar 01\sem_2\programming 2\end-exam\1dae16_cem_alagozlu_thesweetdarkness\1dae16_cem_alagozlu_thesweetdarkness\sweet_darkness\release\levelmanager.obj
d:\dae\jaar 01\sem_2\programming 2\end-exam\1dae16_cem_alagozlu_thesweetdarkness\1dae16_cem_alagozlu_thesweetdarkness\sweet_darkness\release\levelfour.obj
d:\dae\jaar 01\sem_2\programming 2\end-exam\1dae16_cem_alagozlu_thesweetdarkness\1dae16_cem_alagozlu_thesweetdarkness\sweet_darkness\release\levelend.obj
d:\dae\jaar 01\sem_2\programming 2\end-exam\1dae16_cem_alagozlu_thesweetdarkness\1dae16_cem_alagozlu_thesweetdarkness\sweet_darkness\release\leveldecorations.obj
d:\dae\jaar 01\sem_2\programming 2\end-exam\1dae16_cem_alagozlu_thesweetdarkness\1dae16_cem_alagozlu_thesweetdarkness\sweet_darkness\release\levelboss.obj
d:\dae\jaar 01\sem_2\programming 2\end-exam\1dae16_cem_alagozlu_thesweetdarkness\1dae16_cem_alagozlu_thesweetdarkness\sweet_darkness\release\levelbase.obj
d:\dae\jaar 01\sem_2\programming 2\end-exam\1dae16_cem_alagozlu_thesweetdarkness\1dae16_cem_alagozlu_thesweetdarkness\sweet_darkness\release\hud.obj
d:\dae\jaar 01\sem_2\programming 2\end-exam\1dae16_cem_alagozlu_thesweetdarkness\1dae16_cem_alagozlu_thesweetdarkness\sweet_darkness\release\game.obj
d:\dae\jaar 01\sem_2\programming 2\end-exam\1dae16_cem_alagozlu_thesweetdarkness\1dae16_cem_alagozlu_thesweetdarkness\sweet_darkness\release\credits.obj
d:\dae\jaar 01\sem_2\programming 2\end-exam\1dae16_cem_alagozlu_thesweetdarkness\1dae16_cem_alagozlu_thesweetdarkness\sweet_darkness\release\core.obj
d:\dae\jaar 01\sem_2\programming 2\end-exam\1dae16_cem_alagozlu_thesweetdarkness\1dae16_cem_alagozlu_thesweetdarkness\sweet_darkness\release\coin.obj
d:\dae\jaar 01\sem_2\programming 2\end-exam\1dae16_cem_alagozlu_thesweetdarkness\1dae16_cem_alagozlu_thesweetdarkness\sweet_darkness\release\character.obj
d:\dae\jaar 01\sem_2\programming 2\end-exam\1dae16_cem_alagozlu_thesweetdarkness\1dae16_cem_alagozlu_thesweetdarkness\sweet_darkness\release\camera.obj
d:\dae\jaar 01\sem_2\programming 2\end-exam\1dae16_cem_alagozlu_thesweetdarkness\1dae16_cem_alagozlu_thesweetdarkness\sweet_darkness\release\trapspikefall.obj
d:\dae\jaar 01\sem_2\programming 2\end-exam\1dae16_cem_alagozlu_thesweetdarkness\1dae16_cem_alagozlu_thesweetdarkness\sweet_darkness\release\trapcirclesaw.obj
d:\dae\jaar 01\sem_2\programming 2\end-exam\1dae16_cem_alagozlu_thesweetdarkness\1dae16_cem_alagozlu_thesweetdarkness\sweet_darkness\release\trap.obj
d:\dae\jaar 01\sem_2\programming 2\end-exam\1dae16_cem_alagozlu_thesweetdarkness\1dae16_cem_alagozlu_thesweetdarkness\sweet_darkness\release\texture.obj
d:\dae\jaar 01\sem_2\programming 2\end-exam\1dae16_cem_alagozlu_thesweetdarkness\1dae16_cem_alagozlu_thesweetdarkness\sweet_darkness\release\svgparser.obj
d:\dae\jaar 01\sem_2\programming 2\end-exam\1dae16_cem_alagozlu_thesweetdarkness\1dae16_cem_alagozlu_thesweetdarkness\sweet_darkness\release\structs.obj
d:\dae\jaar 01\sem_2\programming 2\end-exam\1dae16_cem_alagozlu_thesweetdarkness\1dae16_cem_alagozlu_thesweetdarkness\sweet_darkness\release\ladder.obj
d:\dae\jaar 01\sem_2\programming 2\end-exam\1dae16_cem_alagozlu_thesweetdarkness\1dae16_cem_alagozlu_thesweetdarkness\sweet_darkness\release\sprite.obj
d:\dae\jaar 01\sem_2\programming 2\end-exam\1dae16_cem_alagozlu_thesweetdarkness\1dae16_cem_alagozlu_thesweetdarkness\sweet_darkness\release\soundstream.obj
d:\dae\jaar 01\sem_2\programming 2\end-exam\1dae16_cem_alagozlu_thesweetdarkness\1dae16_cem_alagozlu_thesweetdarkness\sweet_darkness\release\soundeffect.obj
d:\dae\jaar 01\sem_2\programming 2\end-exam\1dae16_cem_alagozlu_thesweetdarkness\1dae16_cem_alagozlu_thesweetdarkness\sweet_darkness\release\soundmanager.obj
d:\dae\jaar 01\sem_2\programming 2\end-exam\1dae16_cem_alagozlu_thesweetdarkness\1dae16_cem_alagozlu_thesweetdarkness\sweet_darkness\release\player.obj
d:\dae\jaar 01\sem_2\programming 2\end-exam\1dae16_cem_alagozlu_thesweetdarkness\1dae16_cem_alagozlu_thesweetdarkness\sweet_darkness\release\platformstatic.obj
d:\dae\jaar 01\sem_2\programming 2\end-exam\1dae16_cem_alagozlu_thesweetdarkness\1dae16_cem_alagozlu_thesweetdarkness\sweet_darkness\release\platformmoving.obj
d:\dae\jaar 01\sem_2\programming 2\end-exam\1dae16_cem_alagozlu_thesweetdarkness\1dae16_cem_alagozlu_thesweetdarkness\sweet_darkness\release\platform.obj
d:\dae\jaar 01\sem_2\programming 2\end-exam\1dae16_cem_alagozlu_thesweetdarkness\1dae16_cem_alagozlu_thesweetdarkness\sweet_darkness\release\menustory.obj
d:\dae\jaar 01\sem_2\programming 2\end-exam\1dae16_cem_alagozlu_thesweetdarkness\1dae16_cem_alagozlu_thesweetdarkness\sweet_darkness\release\menuquit.obj
d:\dae\jaar 01\sem_2\programming 2\end-exam\1dae16_cem_alagozlu_thesweetdarkness\1dae16_cem_alagozlu_thesweetdarkness\sweet_darkness\release\menumanager.obj
d:\dae\jaar 01\sem_2\programming 2\end-exam\1dae16_cem_alagozlu_thesweetdarkness\1dae16_cem_alagozlu_thesweetdarkness\sweet_darkness\release\menumain.obj
d:\dae\jaar 01\sem_2\programming 2\end-exam\1dae16_cem_alagozlu_thesweetdarkness\1dae16_cem_alagozlu_thesweetdarkness\sweet_darkness\release\menuintro.obj
d:\dae\jaar 01\sem_2\programming 2\end-exam\1dae16_cem_alagozlu_thesweetdarkness\1dae16_cem_alagozlu_thesweetdarkness\sweet_darkness\release\vector2f.obj
d:\dae\jaar 01\sem_2\programming 2\end-exam\1dae16_cem_alagozlu_thesweetdarkness\1dae16_cem_alagozlu_thesweetdarkness\sweet_darkness\release\utils.obj
d:\dae\jaar 01\sem_2\programming 2\end-exam\1dae16_cem_alagozlu_thesweetdarkness\1dae16_cem_alagozlu_thesweetdarkness\sweet_darkness\release\trapswingblade.obj
d:\dae\jaar 01\sem_2\programming 2\end-exam\1dae16_cem_alagozlu_thesweetdarkness\1dae16_cem_alagozlu_thesweetdarkness\sweet_darkness\release\sweet_darkness.exe
d:\dae\jaar 01\sem_2\programming 2\end-exam\1dae16_cem_alagozlu_thesweetdarkness\1dae16_cem_alagozlu_thesweetdarkness\sweet_darkness\release\sweet_darkness.pdb
d:\dae\jaar 01\sem_2\programming 2\end-exam\1dae16_cem_alagozlu_thesweetdarkness\1dae16_cem_alagozlu_thesweetdarkness\sweet_darkness\release\sweet_darkness.lib
d:\dae\jaar 01\sem_2\programming 2\end-exam\1dae16_cem_alagozlu_thesweetdarkness\1dae16_cem_alagozlu_thesweetdarkness\sweet_darkness\release\sweet_darkness.exp
d:\dae\jaar 01\sem_2\programming 2\end-exam\1dae16_cem_alagozlu_thesweetdarkness\1dae16_cem_alagozlu_thesweetdarkness\sweet_darkness\release\sweet_darkness.ipdb
d:\dae\jaar 01\sem_2\programming 2\end-exam\1dae16_cem_alagozlu_thesweetdarkness\1dae16_cem_alagozlu_thesweetdarkness\sweet_darkness\release\sweet_darkness.iobj
d:\dae\jaar 01\sem_2\programming 2\end-exam\1dae16_cem_alagozlu_thesweetdarkness\1dae16_cem_alagozlu_thesweetdarkness\sweet_darkness\release\sweet_darkness.tlog\cl.command.1.tlog
d:\dae\jaar 01\sem_2\programming 2\end-exam\1dae16_cem_alagozlu_thesweetdarkness\1dae16_cem_alagozlu_thesweetdarkness\sweet_darkness\release\sweet_darkness.tlog\cl.read.1.tlog
d:\dae\jaar 01\sem_2\programming 2\end-exam\1dae16_cem_alagozlu_thesweetdarkness\1dae16_cem_alagozlu_thesweetdarkness\sweet_darkness\release\sweet_darkness.tlog\cl.write.1.tlog
d:\dae\jaar 01\sem_2\programming 2\end-exam\1dae16_cem_alagozlu_thesweetdarkness\1dae16_cem_alagozlu_thesweetdarkness\sweet_darkness\release\sweet_darkness.tlog\link.command.1.tlog
d:\dae\jaar 01\sem_2\programming 2\end-exam\1dae16_cem_alagozlu_thesweetdarkness\1dae16_cem_alagozlu_thesweetdarkness\sweet_darkness\release\sweet_darkness.tlog\link.read.1.tlog
d:\dae\jaar 01\sem_2\programming 2\end-exam\1dae16_cem_alagozlu_thesweetdarkness\1dae16_cem_alagozlu_thesweetdarkness\sweet_darkness\release\sweet_darkness.tlog\link.write.1.tlog
d:\dae\jaar 01\sem_2\programming 2\end-exam\1dae16_cem_alagozlu_thesweetdarkness\1dae16_cem_alagozlu_thesweetdarkness\sweet_darkness\release\sweet_darkness.tlog\sweet_darkness.write.1u.tlog
